
The following have been reloaded with a version change:
  1) GCC/13.2.0 => GCC/14.3.0
  2) GCCcore/13.2.0 => GCCcore/14.3.0
  3) OpenMPI/4.1.6-GCC-13.2.0 => OpenMPI/5.0.8-GCC-14.3.0
  4) OpenSSL/1.1 => OpenSSL/3
  5) PMIx/4.2.6-GCCcore-13.2.0 => PMIx/5.0.8-GCCcore-14.3.0
  6) UCC/1.2.0-GCCcore-13.2.0 => UCC/1.4.4-GCCcore-14.3.0
  7) UCX/1.15.0-GCCcore-13.2.0 => UCX/1.19.0-GCCcore-14.3.0
  8) XZ/5.4.4-GCCcore-13.2.0 => XZ/5.8.1-GCCcore-14.3.0
  9) binutils/2.40-GCCcore-13.2.0 => binutils/2.44-GCCcore-14.3.0
 10) hwloc/2.9.2-GCCcore-13.2.0 => hwloc/2.12.1-GCCcore-14.3.0
 11) libevent/2.1.12-GCCcore-13.2.0 => libevent/2.1.12-GCCcore-14.3.0
 12) libfabric/1.19.0-GCCcore-13.2.0 => libfabric/2.1.0-GCCcore-14.3.0
 13) libpciaccess/0.17-GCCcore-13.2.0 => libpciaccess/0.18.1-GCCcore-14.3.0
 14) libxml2/2.11.5-GCCcore-13.2.0 => libxml2/2.14.3-GCCcore-14.3.0
 15) numactl/2.0.16-GCCcore-13.2.0 => numactl/2.0.19-GCCcore-14.3.0
 16) zlib/1.2.13-GCCcore-13.2.0 => zlib/1.3.1-GCCcore-14.3.0

make: Nothing to be done for 'all'.
  Running with 32 processes, problem size = 320000...
  Running with 32 processes, problem size = 500000...
  Running with 32 processes, problem size = 1000000...
  Running with 32 processes, problem size = 2000000...
  Running with 32 processes, problem size = 4000000...
  Running with 32 processes, problem size = 8000000...
Benchmarks complete. Results saved to firstResults32.txt
